<?xml version="1.0" encoding="UTF-8"?>
<testsuite xmlns:xsi="http://www.w3.org/2001/XMLSchema-instance" xsi:noNamespaceSchemaLocation="https://maven.apache.org/surefire/maven-surefire-plugin/xsd/surefire-test-report-3.0.xsd" version="3.0" name="com.ashokit.ContactManagerTest" time="1.151" tests="23" errors="0" skipped="0" failures="0">
  <properties>
    <property name="java.specification.version" value="17"/>
    <property name="sun.cpu.isalist" value="amd64"/>
    <property name="sun.jnu.encoding" value="Cp1252"/>
    <property name="java.class.path" value="G:\ASHOKIT_WORKSPACE\JUnit_WorkShop_Apps\Junit_Testing_App\target\test-classes;G:\ASHOKIT_WORKSPACE\JUnit_WorkShop_Apps\Junit_Testing_App\target\classes;C:\Users\Ganesh\.m2\repository\org\junit\jupiter\junit-jupiter-api\5.10.0\junit-jupiter-api-5.10.0.jar;C:\Users\Ganesh\.m2\repository\org\opentest4j\opentest4j\1.3.0\opentest4j-1.3.0.jar;C:\Users\Ganesh\.m2\repository\org\junit\platform\junit-platform-commons\1.10.0\junit-platform-commons-1.10.0.jar;C:\Users\Ganesh\.m2\repository\org\apiguardian\apiguardian-api\1.1.2\apiguardian-api-1.1.2.jar;C:\Users\Ganesh\.m2\repository\org\junit\jupiter\junit-jupiter\5.10.0\junit-jupiter-5.10.0.jar;C:\Users\Ganesh\.m2\repository\org\junit\jupiter\junit-jupiter-params\5.10.0\junit-jupiter-params-5.10.0.jar;C:\Users\Ganesh\.m2\repository\org\junit\jupiter\junit-jupiter-engine\5.10.0\junit-jupiter-engine-5.10.0.jar;C:\Users\Ganesh\.m2\repository\org\junit\platform\junit-platform-engine\1.10.0\junit-platform-engine-1.10.0.jar;"/>
    <property name="java.vm.vendor" value="Oracle Corporation"/>
    <property name="sun.arch.data.model" value="64"/>
    <property name="user.variant" value=""/>
    <property name="java.vendor.url" value="https://java.oracle.com/"/>
    <property name="user.timezone" value="Asia/Calcutta"/>
    <property name="os.name" value="Windows 10"/>
    <property name="java.vm.specification.version" value="17"/>
    <property name="sun.java.launcher" value="SUN_STANDARD"/>
    <property name="user.country" value="US"/>
    <property name="sun.boot.library.path" value="C:\Program Files\Java\jdk-17\bin"/>
    <property name="sun.java.command" value="C:\Users\Ganesh\AppData\Local\Temp\surefire6415942872548717359\surefirebooter-20231002095201147_3.jar C:\Users\Ganesh\AppData\Local\Temp\surefire6415942872548717359 2023-10-02T09-52-00_804-jvmRun1 surefire-20231002095201147_1tmp surefire_0-20231002095201147_2tmp"/>
    <property name="jdk.debug" value="release"/>
    <property name="surefire.test.class.path" value="G:\ASHOKIT_WORKSPACE\JUnit_WorkShop_Apps\Junit_Testing_App\target\test-classes;G:\ASHOKIT_WORKSPACE\JUnit_WorkShop_Apps\Junit_Testing_App\target\classes;C:\Users\Ganesh\.m2\repository\org\junit\jupiter\junit-jupiter-api\5.10.0\junit-jupiter-api-5.10.0.jar;C:\Users\Ganesh\.m2\repository\org\opentest4j\opentest4j\1.3.0\opentest4j-1.3.0.jar;C:\Users\Ganesh\.m2\repository\org\junit\platform\junit-platform-commons\1.10.0\junit-platform-commons-1.10.0.jar;C:\Users\Ganesh\.m2\repository\org\apiguardian\apiguardian-api\1.1.2\apiguardian-api-1.1.2.jar;C:\Users\Ganesh\.m2\repository\org\junit\jupiter\junit-jupiter\5.10.0\junit-jupiter-5.10.0.jar;C:\Users\Ganesh\.m2\repository\org\junit\jupiter\junit-jupiter-params\5.10.0\junit-jupiter-params-5.10.0.jar;C:\Users\Ganesh\.m2\repository\org\junit\jupiter\junit-jupiter-engine\5.10.0\junit-jupiter-engine-5.10.0.jar;C:\Users\Ganesh\.m2\repository\org\junit\platform\junit-platform-engine\1.10.0\junit-platform-engine-1.10.0.jar;"/>
    <property name="sun.cpu.endian" value="little"/>
    <property name="user.home" value="C:\Users\Ganesh"/>
    <property name="user.language" value="en"/>
    <property name="java.specification.vendor" value="Oracle Corporation"/>
    <property name="java.version.date" value="2023-07-18"/>
    <property name="java.home" value="C:\Program Files\Java\jdk-17"/>
    <property name="file.separator" value="\"/>
    <property name="style.color" value="always"/>
    <property name="basedir" value="G:\ASHOKIT_WORKSPACE\JUnit_WorkShop_Apps\Junit_Testing_App"/>
    <property name="java.vm.compressedOopsMode" value="32-bit"/>
    <property name="line.separator" value="&#10;"/>
    <property name="java.vm.specification.vendor" value="Oracle Corporation"/>
    <property name="java.specification.name" value="Java Platform API Specification"/>
    <property name="surefire.real.class.path" value="C:\Users\Ganesh\AppData\Local\Temp\surefire6415942872548717359\surefirebooter-20231002095201147_3.jar"/>
    <property name="user.script" value=""/>
    <property name="sun.management.compiler" value="HotSpot 64-Bit Tiered Compilers"/>
    <property name="java.runtime.version" value="17.0.8+9-LTS-211"/>
    <property name="user.name" value="Ganesh"/>
    <property name="path.separator" value=";"/>
    <property name="os.version" value="10.0"/>
    <property name="java.runtime.name" value="Java(TM) SE Runtime Environment"/>
    <property name="file.encoding" value="Cp1252"/>
    <property name="java.vm.name" value="Java HotSpot(TM) 64-Bit Server VM"/>
    <property name="localRepository" value="C:\Users\Ganesh\.m2\repository"/>
    <property name="java.vendor.url.bug" value="https://bugreport.java.com/bugreport/"/>
    <property name="java.io.tmpdir" value="C:\Users\Ganesh\AppData\Local\Temp\"/>
    <property name="java.version" value="17.0.8"/>
    <property name="user.dir" value="G:\ASHOKIT_WORKSPACE\JUnit_WorkShop_Apps\Junit_Testing_App"/>
    <property name="os.arch" value="amd64"/>
    <property name="java.vm.specification.name" value="Java Virtual Machine Specification"/>
    <property name="sun.os.patch.level" value=""/>
    <property name="native.encoding" value="Cp1252"/>
    <property name="java.library.path" value="C:\Program Files\Java\jdk-17\bin;C:\Windows\Sun\Java\bin;C:\Windows\system32;C:\Windows;C:\oraclexe\app\oracle\product\11.2.0\server\bin;C:\Program Files\Common Files\Oracle\Java\javapath;C:\Windows\system32;C:\Windows;C:\Windows\System32\Wbem;C:\Windows\System32\WindowsPowerShell\v1.0\;C:\Windows\System32\OpenSSH\;C:\Program Files\Git\cmd;C:\Program Files\Java\jdk-17\bin;C:\Users\Ganesh\AppData\Local\Microsoft\WindowsApps;;C:\Program Files\JetBrains\IntelliJ IDEA Community Edition 2023.2.1\bin;;."/>
    <property name="java.vm.info" value="mixed mode, sharing"/>
    <property name="java.vendor" value="Oracle Corporation"/>
    <property name="java.vm.version" value="17.0.8+9-LTS-211"/>
    <property name="sun.io.unicode.encoding" value="UnicodeLittle"/>
    <property name="java.class.version" value="61.0"/>
  </properties>
  <testcase name="validateLastNameIsEmpty" classname="com.ashokit.ContactManagerTest" time="0.188">
    <system-out><![CDATA[Inside the BeforeAll......
Inside the BeforeEach......
Inside the AfterEach......
]]></system-out>
    <system-err><![CDATA[Oct 02, 2023 9:52:03 AM org.junit.jupiter.engine.discovery.MethodSelectorResolver resolve
WARNING: Possible configuration error: method [public void com.ashokit.ContactManagerTest.testDisplay()] resulted in multiple TestDescriptors [org.junit.jupiter.engine.descriptor.TestMethodTestDescriptor, org.junit.jupiter.engine.descriptor.TestTemplateTestDescriptor]. This is typically the result of annotating a method with multiple competing annotations such as @Test, @RepeatedTest, @ParameterizedTest, @TestFactory, etc.
Oct 02, 2023 9:52:03 AM org.junit.jupiter.engine.discovery.MethodSelectorResolver resolve
WARNING: Possible configuration error: method [public void com.ashokit.ContactManagerTest.testDisplay()] resulted in multiple TestDescriptors [org.junit.jupiter.engine.descriptor.TestMethodTestDescriptor, org.junit.jupiter.engine.descriptor.TestTemplateTestDescriptor]. This is typically the result of annotating a method with multiple competing annotations such as @Test, @RepeatedTest, @ParameterizedTest, @TestFactory, etc.
]]></system-err>
  </testcase>
  <testcase name="shouldTestPhoneNumberFormatUsingMethodSource(String)[1]" classname="com.ashokit.ContactManagerTest" time="0.104">
    <system-out><![CDATA[Inside the BeforeEach......
Inside the AfterEach......
]]></system-out>
  </testcase>
  <testcase name="shouldTestPhoneNumberFormatUsingMethodSource(String)[2]" classname="com.ashokit.ContactManagerTest" time="0.008">
    <system-out><![CDATA[Inside the BeforeEach......
Inside the AfterEach......
]]></system-out>
  </testcase>
  <testcase name="shouldTestPhoneNumberFormatUsingMethodSource(String)[3]" classname="com.ashokit.ContactManagerTest" time="0.006">
    <system-out><![CDATA[Inside the BeforeEach......
Inside the AfterEach......
]]></system-out>
  </testcase>
  <testcase name="shouldTestPhoneNumberFormatUsingCSVFileSource(String)[1]" classname="com.ashokit.ContactManagerTest" time="0.007">
    <system-out><![CDATA[Inside the BeforeEach......
Inside the AfterEach......
]]></system-out>
  </testcase>
  <testcase name="validateContactNoIsEmpty" classname="com.ashokit.ContactManagerTest" time="0.007">
    <system-out><![CDATA[Inside the BeforeEach......
Inside the AfterEach......
]]></system-out>
  </testcase>
  <testcase name="validateContactNoStartingWithZeroOrNot" classname="com.ashokit.ContactManagerTest" time="0.006">
    <system-out><![CDATA[Inside the BeforeEach......
Inside the AfterEach......
]]></system-out>
  </testcase>
  <testcase name="validateContactExistedOrNot" classname="com.ashokit.ContactManagerTest" time="0.008">
    <system-out><![CDATA[Inside the BeforeEach......
Inside the AfterEach......
]]></system-out>
  </testcase>
  <testcase name="shouldTestPhoneNumberFormatUsingValueSource(String)[1]" classname="com.ashokit.ContactManagerTest" time="0.004">
    <system-out><![CDATA[Inside the BeforeEach......
Inside the AfterEach......
]]></system-out>
  </testcase>
  <testcase name="shouldTestPhoneNumberFormatUsingValueSource(String)[2]" classname="com.ashokit.ContactManagerTest" time="0.008">
    <system-out><![CDATA[Inside the BeforeEach......
Inside the AfterEach......
]]></system-out>
  </testcase>
  <testcase name="shouldTestPhoneNumberFormatUsingValueSource(String)[3]" classname="com.ashokit.ContactManagerTest" time="0.009">
    <system-out><![CDATA[Inside the BeforeEach......
Inside the AfterEach......
]]></system-out>
  </testcase>
  <testcase name="shoudCreateContact" classname="com.ashokit.ContactManagerTest" time="0.023">
    <system-out><![CDATA[Inside the BeforeEach......
Inside the AfterEach......
]]></system-out>
  </testcase>
  <testcase name="validateContactNoLengthMoreThan10IsEmpty" classname="com.ashokit.ContactManagerTest" time="0.006">
    <system-out><![CDATA[Inside the BeforeEach......
Inside the AfterEach......
]]></system-out>
  </testcase>
  <testcase name="shouldTestPhoneNumberFormatUsingCSVSource(String)[1]" classname="com.ashokit.ContactManagerTest" time="0.005">
    <system-out><![CDATA[Inside the BeforeEach......
Inside the AfterEach......
]]></system-out>
  </testcase>
  <testcase name="shouldTestPhoneNumberFormatUsingCSVSource(String)[2]" classname="com.ashokit.ContactManagerTest" time="0.007">
    <system-out><![CDATA[Inside the BeforeEach......
Inside the AfterEach......
]]></system-out>
  </testcase>
  <testcase name="shouldTestPhoneNumberFormatUsingCSVSource(String)[3]" classname="com.ashokit.ContactManagerTest" time="0.012">
    <system-out><![CDATA[Inside the BeforeEach......
Inside the AfterEach......
]]></system-out>
  </testcase>
  <testcase name="validateFirstNameIsEmpty" classname="com.ashokit.ContactManagerTest" time="0.007">
    <system-out><![CDATA[Inside the BeforeEach......
Inside the AfterEach......
]]></system-out>
  </testcase>
  <testcase name="testDisplay" classname="com.ashokit.ContactManagerTest" time="0.002">
    <system-out><![CDATA[Inside the BeforeEach......
Welcome To Ashok IT
Inside the AfterEach......
]]></system-out>
  </testcase>
  <testcase name="testDisplay" classname="com.ashokit.ContactManagerTest" time="0.008">
    <system-out><![CDATA[Inside the BeforeEach......
Welcome To Ashok IT
Inside the AfterEach......
]]></system-out>
  </testcase>
  <testcase name="testDisplay" classname="com.ashokit.ContactManagerTest" time="0.005">
    <system-out><![CDATA[Inside the BeforeEach......
Welcome To Ashok IT
Inside the AfterEach......
]]></system-out>
  </testcase>
  <testcase name="testDisplay" classname="com.ashokit.ContactManagerTest" time="0.003">
    <system-out><![CDATA[Inside the BeforeEach......
Welcome To Ashok IT
Inside the AfterEach......
]]></system-out>
  </testcase>
  <testcase name="testDisplay" classname="com.ashokit.ContactManagerTest" time="0.007">
    <system-out><![CDATA[Inside the BeforeEach......
Welcome To Ashok IT
Inside the AfterEach......
]]></system-out>
  </testcase>
  <testcase name="testDisplay" classname="com.ashokit.ContactManagerTest" time="0.003">
    <system-out><![CDATA[Inside the BeforeEach......
Welcome To Ashok IT
Inside the AfterEach......
]]></system-out>
  </testcase>
</testsuite>